<?xml version="1.0" encoding="UTF-8"?>
<testsuite xmlns:xsi="http://www.w3.org/2001/XMLSchema-instance" xsi:noNamespaceSchemaLocation="https://maven.apache.org/surefire/maven-surefire-plugin/xsd/surefire-test-report.xsd" name="com.feidea.blog.BlogApplicationTests" time="8.037" tests="1" errors="0" skipped="0" failures="0">
  <properties>
    <property name="sun.desktop" value="windows"/>
    <property name="awt.toolkit" value="sun.awt.windows.WToolkit"/>
    <property name="file.encoding.pkg" value="sun.io"/>
    <property name="java.specification.version" value="1.8"/>
    <property name="sun.cpu.isalist" value="amd64"/>
    <property name="sun.jnu.encoding" value="GBK"/>
    <property name="java.class.path" value="C:\Users\Administrator\eclipse-workspace\blog\target\test-classes;C:\Users\Administrator\eclipse-workspace\blog\target\classes;D:\idea-\apache-maven-3.6.1\bin\repository\org\springframework\boot\spring-boot-starter-aop\2.6.2\spring-boot-starter-aop-2.6.2.jar;D:\idea-\apache-maven-3.6.1\bin\repository\org\springframework\boot\spring-boot-starter\2.6.2\spring-boot-starter-2.6.2.jar;D:\idea-\apache-maven-3.6.1\bin\repository\org\springframework\boot\spring-boot-starter-logging\2.6.2\spring-boot-starter-logging-2.6.2.jar;D:\idea-\apache-maven-3.6.1\bin\repository\ch\qos\logback\logback-classic\1.2.9\logback-classic-1.2.9.jar;D:\idea-\apache-maven-3.6.1\bin\repository\ch\qos\logback\logback-core\1.2.9\logback-core-1.2.9.jar;D:\idea-\apache-maven-3.6.1\bin\repository\org\apache\logging\log4j\log4j-to-slf4j\2.17.0\log4j-to-slf4j-2.17.0.jar;D:\idea-\apache-maven-3.6.1\bin\repository\org\apache\logging\log4j\log4j-api\2.17.0\log4j-api-2.17.0.jar;D:\idea-\apache-maven-3.6.1\bin\repository\org\slf4j\jul-to-slf4j\1.7.32\jul-to-slf4j-1.7.32.jar;D:\idea-\apache-maven-3.6.1\bin\repository\jakarta\annotation\jakarta.annotation-api\1.3.5\jakarta.annotation-api-1.3.5.jar;D:\idea-\apache-maven-3.6.1\bin\repository\org\yaml\snakeyaml\1.29\snakeyaml-1.29.jar;D:\idea-\apache-maven-3.6.1\bin\repository\org\springframework\spring-aop\5.3.14\spring-aop-5.3.14.jar;D:\idea-\apache-maven-3.6.1\bin\repository\org\springframework\spring-beans\5.3.14\spring-beans-5.3.14.jar;D:\idea-\apache-maven-3.6.1\bin\repository\org\aspectj\aspectjweaver\1.9.7\aspectjweaver-1.9.7.jar;D:\idea-\apache-maven-3.6.1\bin\repository\org\springframework\boot\spring-boot-starter-thymeleaf\2.6.2\spring-boot-starter-thymeleaf-2.6.2.jar;D:\idea-\apache-maven-3.6.1\bin\repository\org\thymeleaf\thymeleaf-spring5\3.0.14.RELEASE\thymeleaf-spring5-3.0.14.RELEASE.jar;D:\idea-\apache-maven-3.6.1\bin\repository\org\thymeleaf\thymeleaf\3.0.14.RELEASE\thymeleaf-3.0.14.RELEASE.jar;D:\idea-\apache-maven-3.6.1\bin\repository\org\attoparser\attoparser\2.0.5.RELEASE\attoparser-2.0.5.RELEASE.jar;D:\idea-\apache-maven-3.6.1\bin\repository\org\unbescape\unbescape\1.1.6.RELEASE\unbescape-1.1.6.RELEASE.jar;D:\idea-\apache-maven-3.6.1\bin\repository\org\slf4j\slf4j-api\1.7.32\slf4j-api-1.7.32.jar;D:\idea-\apache-maven-3.6.1\bin\repository\org\thymeleaf\extras\thymeleaf-extras-java8time\3.0.4.RELEASE\thymeleaf-extras-java8time-3.0.4.RELEASE.jar;D:\idea-\apache-maven-3.6.1\bin\repository\org\springframework\boot\spring-boot-starter-web\2.6.2\spring-boot-starter-web-2.6.2.jar;D:\idea-\apache-maven-3.6.1\bin\repository\org\springframework\boot\spring-boot-starter-json\2.6.2\spring-boot-starter-json-2.6.2.jar;D:\idea-\apache-maven-3.6.1\bin\repository\com\fasterxml\jackson\core\jackson-databind\2.13.1\jackson-databind-2.13.1.jar;D:\idea-\apache-maven-3.6.1\bin\repository\com\fasterxml\jackson\core\jackson-annotations\2.13.1\jackson-annotations-2.13.1.jar;D:\idea-\apache-maven-3.6.1\bin\repository\com\fasterxml\jackson\core\jackson-core\2.13.1\jackson-core-2.13.1.jar;D:\idea-\apache-maven-3.6.1\bin\repository\com\fasterxml\jackson\datatype\jackson-datatype-jdk8\2.13.1\jackson-datatype-jdk8-2.13.1.jar;D:\idea-\apache-maven-3.6.1\bin\repository\com\fasterxml\jackson\datatype\jackson-datatype-jsr310\2.13.1\jackson-datatype-jsr310-2.13.1.jar;D:\idea-\apache-maven-3.6.1\bin\repository\com\fasterxml\jackson\module\jackson-module-parameter-names\2.13.1\jackson-module-parameter-names-2.13.1.jar;D:\idea-\apache-maven-3.6.1\bin\repository\org\springframework\boot\spring-boot-starter-tomcat\2.6.2\spring-boot-starter-tomcat-2.6.2.jar;D:\idea-\apache-maven-3.6.1\bin\repository\org\apache\tomcat\embed\tomcat-embed-core\9.0.56\tomcat-embed-core-9.0.56.jar;D:\idea-\apache-maven-3.6.1\bin\repository\org\apache\tomcat\embed\tomcat-embed-el\9.0.56\tomcat-embed-el-9.0.56.jar;D:\idea-\apache-maven-3.6.1\bin\repository\org\apache\tomcat\embed\tomcat-embed-websocket\9.0.56\tomcat-embed-websocket-9.0.56.jar;D:\idea-\apache-maven-3.6.1\bin\repository\org\springframework\spring-web\5.3.14\spring-web-5.3.14.jar;D:\idea-\apache-maven-3.6.1\bin\repository\org\springframework\spring-webmvc\5.3.14\spring-webmvc-5.3.14.jar;D:\idea-\apache-maven-3.6.1\bin\repository\org\springframework\spring-context\5.3.14\spring-context-5.3.14.jar;D:\idea-\apache-maven-3.6.1\bin\repository\org\springframework\spring-expression\5.3.14\spring-expression-5.3.14.jar;D:\idea-\apache-maven-3.6.1\bin\repository\org\mybatis\spring\boot\mybatis-spring-boot-starter\2.2.1\mybatis-spring-boot-starter-2.2.1.jar;D:\idea-\apache-maven-3.6.1\bin\repository\org\springframework\boot\spring-boot-starter-jdbc\2.6.2\spring-boot-starter-jdbc-2.6.2.jar;D:\idea-\apache-maven-3.6.1\bin\repository\com\zaxxer\HikariCP\4.0.3\HikariCP-4.0.3.jar;D:\idea-\apache-maven-3.6.1\bin\repository\org\springframework\spring-jdbc\5.3.14\spring-jdbc-5.3.14.jar;D:\idea-\apache-maven-3.6.1\bin\repository\org\mybatis\spring\boot\mybatis-spring-boot-autoconfigure\2.2.1\mybatis-spring-boot-autoconfigure-2.2.1.jar;D:\idea-\apache-maven-3.6.1\bin\repository\org\mybatis\mybatis\3.5.9\mybatis-3.5.9.jar;D:\idea-\apache-maven-3.6.1\bin\repository\org\mybatis\mybatis-spring\2.0.6\mybatis-spring-2.0.6.jar;D:\idea-\apache-maven-3.6.1\bin\repository\org\springframework\boot\spring-boot-devtools\2.6.2\spring-boot-devtools-2.6.2.jar;D:\idea-\apache-maven-3.6.1\bin\repository\org\springframework\boot\spring-boot\2.6.2\spring-boot-2.6.2.jar;D:\idea-\apache-maven-3.6.1\bin\repository\org\springframework\boot\spring-boot-autoconfigure\2.6.2\spring-boot-autoconfigure-2.6.2.jar;D:\idea-\apache-maven-3.6.1\bin\repository\mysql\mysql-connector-java\8.0.27\mysql-connector-java-8.0.27.jar;D:\idea-\apache-maven-3.6.1\bin\repository\org\springframework\boot\spring-boot-starter-test\2.6.2\spring-boot-starter-test-2.6.2.jar;D:\idea-\apache-maven-3.6.1\bin\repository\org\springframework\boot\spring-boot-test\2.6.2\spring-boot-test-2.6.2.jar;D:\idea-\apache-maven-3.6.1\bin\repository\org\springframework\boot\spring-boot-test-autoconfigure\2.6.2\spring-boot-test-autoconfigure-2.6.2.jar;D:\idea-\apache-maven-3.6.1\bin\repository\com\jayway\jsonpath\json-path\2.6.0\json-path-2.6.0.jar;D:\idea-\apache-maven-3.6.1\bin\repository\net\minidev\json-smart\2.4.7\json-smart-2.4.7.jar;D:\idea-\apache-maven-3.6.1\bin\repository\net\minidev\accessors-smart\2.4.7\accessors-smart-2.4.7.jar;D:\idea-\apache-maven-3.6.1\bin\repository\org\ow2\asm\asm\9.1\asm-9.1.jar;D:\idea-\apache-maven-3.6.1\bin\repository\jakarta\xml\bind\jakarta.xml.bind-api\2.3.3\jakarta.xml.bind-api-2.3.3.jar;D:\idea-\apache-maven-3.6.1\bin\repository\jakarta\activation\jakarta.activation-api\1.2.2\jakarta.activation-api-1.2.2.jar;D:\idea-\apache-maven-3.6.1\bin\repository\org\assertj\assertj-core\3.21.0\assertj-core-3.21.0.jar;D:\idea-\apache-maven-3.6.1\bin\repository\org\hamcrest\hamcrest\2.2\hamcrest-2.2.jar;D:\idea-\apache-maven-3.6.1\bin\repository\org\junit\jupiter\junit-jupiter\5.8.2\junit-jupiter-5.8.2.jar;D:\idea-\apache-maven-3.6.1\bin\repository\org\junit\jupiter\junit-jupiter-api\5.8.2\junit-jupiter-api-5.8.2.jar;D:\idea-\apache-maven-3.6.1\bin\repository\org\opentest4j\opentest4j\1.2.0\opentest4j-1.2.0.jar;D:\idea-\apache-maven-3.6.1\bin\repository\org\junit\platform\junit-platform-commons\1.8.2\junit-platform-commons-1.8.2.jar;D:\idea-\apache-maven-3.6.1\bin\repository\org\apiguardian\apiguardian-api\1.1.2\apiguardian-api-1.1.2.jar;D:\idea-\apache-maven-3.6.1\bin\repository\org\junit\jupiter\junit-jupiter-params\5.8.2\junit-jupiter-params-5.8.2.jar;D:\idea-\apache-maven-3.6.1\bin\repository\org\junit\jupiter\junit-jupiter-engine\5.8.2\junit-jupiter-engine-5.8.2.jar;D:\idea-\apache-maven-3.6.1\bin\repository\org\junit\platform\junit-platform-engine\1.8.2\junit-platform-engine-1.8.2.jar;D:\idea-\apache-maven-3.6.1\bin\repository\org\mockito\mockito-core\4.0.0\mockito-core-4.0.0.jar;D:\idea-\apache-maven-3.6.1\bin\repository\net\bytebuddy\byte-buddy\1.11.22\byte-buddy-1.11.22.jar;D:\idea-\apache-maven-3.6.1\bin\repository\net\bytebuddy\byte-buddy-agent\1.11.22\byte-buddy-agent-1.11.22.jar;D:\idea-\apache-maven-3.6.1\bin\repository\org\objenesis\objenesis\3.2\objenesis-3.2.jar;D:\idea-\apache-maven-3.6.1\bin\repository\org\mockito\mockito-junit-jupiter\4.0.0\mockito-junit-jupiter-4.0.0.jar;D:\idea-\apache-maven-3.6.1\bin\repository\org\skyscreamer\jsonassert\1.5.0\jsonassert-1.5.0.jar;D:\idea-\apache-maven-3.6.1\bin\repository\com\vaadin\external\google\android-json\0.0.20131108.vaadin1\android-json-0.0.20131108.vaadin1.jar;D:\idea-\apache-maven-3.6.1\bin\repository\org\springframework\spring-core\5.3.14\spring-core-5.3.14.jar;D:\idea-\apache-maven-3.6.1\bin\repository\org\springframework\spring-jcl\5.3.14\spring-jcl-5.3.14.jar;D:\idea-\apache-maven-3.6.1\bin\repository\org\springframework\spring-test\5.3.14\spring-test-5.3.14.jar;D:\idea-\apache-maven-3.6.1\bin\repository\org\xmlunit\xmlunit-core\2.8.4\xmlunit-core-2.8.4.jar;D:\idea-\apache-maven-3.6.1\bin\repository\com\github\pagehelper\pagehelper-spring-boot-starter\1.4.1\pagehelper-spring-boot-starter-1.4.1.jar;D:\idea-\apache-maven-3.6.1\bin\repository\com\github\pagehelper\pagehelper-spring-boot-autoconfigure\1.4.1\pagehelper-spring-boot-autoconfigure-1.4.1.jar;D:\idea-\apache-maven-3.6.1\bin\repository\com\github\pagehelper\pagehelper\5.3.0\pagehelper-5.3.0.jar;D:\idea-\apache-maven-3.6.1\bin\repository\com\github\jsqlparser\jsqlparser\4.2\jsqlparser-4.2.jar;D:\idea-\apache-maven-3.6.1\bin\repository\org\springframework\boot\spring-boot-starter-redis\1.4.7.RELEASE\spring-boot-starter-redis-1.4.7.RELEASE.jar;D:\idea-\apache-maven-3.6.1\bin\repository\org\springframework\data\spring-data-redis\2.6.0\spring-data-redis-2.6.0.jar;D:\idea-\apache-maven-3.6.1\bin\repository\org\springframework\data\spring-data-keyvalue\2.6.0\spring-data-keyvalue-2.6.0.jar;D:\idea-\apache-maven-3.6.1\bin\repository\org\springframework\data\spring-data-commons\2.6.0\spring-data-commons-2.6.0.jar;D:\idea-\apache-maven-3.6.1\bin\repository\org\springframework\spring-tx\5.3.14\spring-tx-5.3.14.jar;D:\idea-\apache-maven-3.6.1\bin\repository\org\springframework\spring-oxm\5.3.14\spring-oxm-5.3.14.jar;D:\idea-\apache-maven-3.6.1\bin\repository\org\springframework\spring-context-support\5.3.14\spring-context-support-5.3.14.jar;D:\idea-\apache-maven-3.6.1\bin\repository\redis\clients\jedis\3.7.1\jedis-3.7.1.jar;D:\idea-\apache-maven-3.6.1\bin\repository\org\apache\commons\commons-pool2\2.11.1\commons-pool2-2.11.1.jar;D:\idea-\apache-maven-3.6.1\bin\repository\com\alibaba\fastjson\1.2.47\fastjson-1.2.47.jar;"/>
    <property name="java.vm.vendor" value="Oracle Corporation"/>
    <property name="sun.arch.data.model" value="64"/>
    <property name="user.variant" value=""/>
    <property name="java.vendor.url" value="http://java.oracle.com/"/>
    <property name="user.timezone" value="Asia/Shanghai"/>
    <property name="java.vm.specification.version" value="1.8"/>
    <property name="os.name" value="Windows 7"/>
    <property name="user.country" value="CN"/>
    <property name="sun.java.launcher" value="SUN_STANDARD"/>
    <property name="sun.boot.library.path" value="C:\Program Files\Java\jdk1.8.0_281\jre\bin"/>
    <property name="sun.java.command" value="C:\Users\ADMINI~1\AppData\Local\Temp\surefire7720733771380935260\surefirebooter543408431776636798.jar C:\Users\Administrator\AppData\Local\Temp\surefire7720733771380935260 2022-03-25T22-00-30_743-jvmRun1 surefire8609319659113514933tmp surefire_07458110018931768440tmp"/>
    <property name="surefire.test.class.path" value="C:\Users\Administrator\eclipse-workspace\blog\target\test-classes;C:\Users\Administrator\eclipse-workspace\blog\target\classes;D:\idea-\apache-maven-3.6.1\bin\repository\org\springframework\boot\spring-boot-starter-aop\2.6.2\spring-boot-starter-aop-2.6.2.jar;D:\idea-\apache-maven-3.6.1\bin\repository\org\springframework\boot\spring-boot-starter\2.6.2\spring-boot-starter-2.6.2.jar;D:\idea-\apache-maven-3.6.1\bin\repository\org\springframework\boot\spring-boot-starter-logging\2.6.2\spring-boot-starter-logging-2.6.2.jar;D:\idea-\apache-maven-3.6.1\bin\repository\ch\qos\logback\logback-classic\1.2.9\logback-classic-1.2.9.jar;D:\idea-\apache-maven-3.6.1\bin\repository\ch\qos\logback\logback-core\1.2.9\logback-core-1.2.9.jar;D:\idea-\apache-maven-3.6.1\bin\repository\org\apache\logging\log4j\log4j-to-slf4j\2.17.0\log4j-to-slf4j-2.17.0.jar;D:\idea-\apache-maven-3.6.1\bin\repository\org\apache\logging\log4j\log4j-api\2.17.0\log4j-api-2.17.0.jar;D:\idea-\apache-maven-3.6.1\bin\repository\org\slf4j\jul-to-slf4j\1.7.32\jul-to-slf4j-1.7.32.jar;D:\idea-\apache-maven-3.6.1\bin\repository\jakarta\annotation\jakarta.annotation-api\1.3.5\jakarta.annotation-api-1.3.5.jar;D:\idea-\apache-maven-3.6.1\bin\repository\org\yaml\snakeyaml\1.29\snakeyaml-1.29.jar;D:\idea-\apache-maven-3.6.1\bin\repository\org\springframework\spring-aop\5.3.14\spring-aop-5.3.14.jar;D:\idea-\apache-maven-3.6.1\bin\repository\org\springframework\spring-beans\5.3.14\spring-beans-5.3.14.jar;D:\idea-\apache-maven-3.6.1\bin\repository\org\aspectj\aspectjweaver\1.9.7\aspectjweaver-1.9.7.jar;D:\idea-\apache-maven-3.6.1\bin\repository\org\springframework\boot\spring-boot-starter-thymeleaf\2.6.2\spring-boot-starter-thymeleaf-2.6.2.jar;D:\idea-\apache-maven-3.6.1\bin\repository\org\thymeleaf\thymeleaf-spring5\3.0.14.RELEASE\thymeleaf-spring5-3.0.14.RELEASE.jar;D:\idea-\apache-maven-3.6.1\bin\repository\org\thymeleaf\thymeleaf\3.0.14.RELEASE\thymeleaf-3.0.14.RELEASE.jar;D:\idea-\apache-maven-3.6.1\bin\repository\org\attoparser\attoparser\2.0.5.RELEASE\attoparser-2.0.5.RELEASE.jar;D:\idea-\apache-maven-3.6.1\bin\repository\org\unbescape\unbescape\1.1.6.RELEASE\unbescape-1.1.6.RELEASE.jar;D:\idea-\apache-maven-3.6.1\bin\repository\org\slf4j\slf4j-api\1.7.32\slf4j-api-1.7.32.jar;D:\idea-\apache-maven-3.6.1\bin\repository\org\thymeleaf\extras\thymeleaf-extras-java8time\3.0.4.RELEASE\thymeleaf-extras-java8time-3.0.4.RELEASE.jar;D:\idea-\apache-maven-3.6.1\bin\repository\org\springframework\boot\spring-boot-starter-web\2.6.2\spring-boot-starter-web-2.6.2.jar;D:\idea-\apache-maven-3.6.1\bin\repository\org\springframework\boot\spring-boot-starter-json\2.6.2\spring-boot-starter-json-2.6.2.jar;D:\idea-\apache-maven-3.6.1\bin\repository\com\fasterxml\jackson\core\jackson-databind\2.13.1\jackson-databind-2.13.1.jar;D:\idea-\apache-maven-3.6.1\bin\repository\com\fasterxml\jackson\core\jackson-annotations\2.13.1\jackson-annotations-2.13.1.jar;D:\idea-\apache-maven-3.6.1\bin\repository\com\fasterxml\jackson\core\jackson-core\2.13.1\jackson-core-2.13.1.jar;D:\idea-\apache-maven-3.6.1\bin\repository\com\fasterxml\jackson\datatype\jackson-datatype-jdk8\2.13.1\jackson-datatype-jdk8-2.13.1.jar;D:\idea-\apache-maven-3.6.1\bin\repository\com\fasterxml\jackson\datatype\jackson-datatype-jsr310\2.13.1\jackson-datatype-jsr310-2.13.1.jar;D:\idea-\apache-maven-3.6.1\bin\repository\com\fasterxml\jackson\module\jackson-module-parameter-names\2.13.1\jackson-module-parameter-names-2.13.1.jar;D:\idea-\apache-maven-3.6.1\bin\repository\org\springframework\boot\spring-boot-starter-tomcat\2.6.2\spring-boot-starter-tomcat-2.6.2.jar;D:\idea-\apache-maven-3.6.1\bin\repository\org\apache\tomcat\embed\tomcat-embed-core\9.0.56\tomcat-embed-core-9.0.56.jar;D:\idea-\apache-maven-3.6.1\bin\repository\org\apache\tomcat\embed\tomcat-embed-el\9.0.56\tomcat-embed-el-9.0.56.jar;D:\idea-\apache-maven-3.6.1\bin\repository\org\apache\tomcat\embed\tomcat-embed-websocket\9.0.56\tomcat-embed-websocket-9.0.56.jar;D:\idea-\apache-maven-3.6.1\bin\repository\org\springframework\spring-web\5.3.14\spring-web-5.3.14.jar;D:\idea-\apache-maven-3.6.1\bin\repository\org\springframework\spring-webmvc\5.3.14\spring-webmvc-5.3.14.jar;D:\idea-\apache-maven-3.6.1\bin\repository\org\springframework\spring-context\5.3.14\spring-context-5.3.14.jar;D:\idea-\apache-maven-3.6.1\bin\repository\org\springframework\spring-expression\5.3.14\spring-expression-5.3.14.jar;D:\idea-\apache-maven-3.6.1\bin\repository\org\mybatis\spring\boot\mybatis-spring-boot-starter\2.2.1\mybatis-spring-boot-starter-2.2.1.jar;D:\idea-\apache-maven-3.6.1\bin\repository\org\springframework\boot\spring-boot-starter-jdbc\2.6.2\spring-boot-starter-jdbc-2.6.2.jar;D:\idea-\apache-maven-3.6.1\bin\repository\com\zaxxer\HikariCP\4.0.3\HikariCP-4.0.3.jar;D:\idea-\apache-maven-3.6.1\bin\repository\org\springframework\spring-jdbc\5.3.14\spring-jdbc-5.3.14.jar;D:\idea-\apache-maven-3.6.1\bin\repository\org\mybatis\spring\boot\mybatis-spring-boot-autoconfigure\2.2.1\mybatis-spring-boot-autoconfigure-2.2.1.jar;D:\idea-\apache-maven-3.6.1\bin\repository\org\mybatis\mybatis\3.5.9\mybatis-3.5.9.jar;D:\idea-\apache-maven-3.6.1\bin\repository\org\mybatis\mybatis-spring\2.0.6\mybatis-spring-2.0.6.jar;D:\idea-\apache-maven-3.6.1\bin\repository\org\springframework\boot\spring-boot-devtools\2.6.2\spring-boot-devtools-2.6.2.jar;D:\idea-\apache-maven-3.6.1\bin\repository\org\springframework\boot\spring-boot\2.6.2\spring-boot-2.6.2.jar;D:\idea-\apache-maven-3.6.1\bin\repository\org\springframework\boot\spring-boot-autoconfigure\2.6.2\spring-boot-autoconfigure-2.6.2.jar;D:\idea-\apache-maven-3.6.1\bin\repository\mysql\mysql-connector-java\8.0.27\mysql-connector-java-8.0.27.jar;D:\idea-\apache-maven-3.6.1\bin\repository\org\springframework\boot\spring-boot-starter-test\2.6.2\spring-boot-starter-test-2.6.2.jar;D:\idea-\apache-maven-3.6.1\bin\repository\org\springframework\boot\spring-boot-test\2.6.2\spring-boot-test-2.6.2.jar;D:\idea-\apache-maven-3.6.1\bin\repository\org\springframework\boot\spring-boot-test-autoconfigure\2.6.2\spring-boot-test-autoconfigure-2.6.2.jar;D:\idea-\apache-maven-3.6.1\bin\repository\com\jayway\jsonpath\json-path\2.6.0\json-path-2.6.0.jar;D:\idea-\apache-maven-3.6.1\bin\repository\net\minidev\json-smart\2.4.7\json-smart-2.4.7.jar;D:\idea-\apache-maven-3.6.1\bin\repository\net\minidev\accessors-smart\2.4.7\accessors-smart-2.4.7.jar;D:\idea-\apache-maven-3.6.1\bin\repository\org\ow2\asm\asm\9.1\asm-9.1.jar;D:\idea-\apache-maven-3.6.1\bin\repository\jakarta\xml\bind\jakarta.xml.bind-api\2.3.3\jakarta.xml.bind-api-2.3.3.jar;D:\idea-\apache-maven-3.6.1\bin\repository\jakarta\activation\jakarta.activation-api\1.2.2\jakarta.activation-api-1.2.2.jar;D:\idea-\apache-maven-3.6.1\bin\repository\org\assertj\assertj-core\3.21.0\assertj-core-3.21.0.jar;D:\idea-\apache-maven-3.6.1\bin\repository\org\hamcrest\hamcrest\2.2\hamcrest-2.2.jar;D:\idea-\apache-maven-3.6.1\bin\repository\org\junit\jupiter\junit-jupiter\5.8.2\junit-jupiter-5.8.2.jar;D:\idea-\apache-maven-3.6.1\bin\repository\org\junit\jupiter\junit-jupiter-api\5.8.2\junit-jupiter-api-5.8.2.jar;D:\idea-\apache-maven-3.6.1\bin\repository\org\opentest4j\opentest4j\1.2.0\opentest4j-1.2.0.jar;D:\idea-\apache-maven-3.6.1\bin\repository\org\junit\platform\junit-platform-commons\1.8.2\junit-platform-commons-1.8.2.jar;D:\idea-\apache-maven-3.6.1\bin\repository\org\apiguardian\apiguardian-api\1.1.2\apiguardian-api-1.1.2.jar;D:\idea-\apache-maven-3.6.1\bin\repository\org\junit\jupiter\junit-jupiter-params\5.8.2\junit-jupiter-params-5.8.2.jar;D:\idea-\apache-maven-3.6.1\bin\repository\org\junit\jupiter\junit-jupiter-engine\5.8.2\junit-jupiter-engine-5.8.2.jar;D:\idea-\apache-maven-3.6.1\bin\repository\org\junit\platform\junit-platform-engine\1.8.2\junit-platform-engine-1.8.2.jar;D:\idea-\apache-maven-3.6.1\bin\repository\org\mockito\mockito-core\4.0.0\mockito-core-4.0.0.jar;D:\idea-\apache-maven-3.6.1\bin\repository\net\bytebuddy\byte-buddy\1.11.22\byte-buddy-1.11.22.jar;D:\idea-\apache-maven-3.6.1\bin\repository\net\bytebuddy\byte-buddy-agent\1.11.22\byte-buddy-agent-1.11.22.jar;D:\idea-\apache-maven-3.6.1\bin\repository\org\objenesis\objenesis\3.2\objenesis-3.2.jar;D:\idea-\apache-maven-3.6.1\bin\repository\org\mockito\mockito-junit-jupiter\4.0.0\mockito-junit-jupiter-4.0.0.jar;D:\idea-\apache-maven-3.6.1\bin\repository\org\skyscreamer\jsonassert\1.5.0\jsonassert-1.5.0.jar;D:\idea-\apache-maven-3.6.1\bin\repository\com\vaadin\external\google\android-json\0.0.20131108.vaadin1\android-json-0.0.20131108.vaadin1.jar;D:\idea-\apache-maven-3.6.1\bin\repository\org\springframework\spring-core\5.3.14\spring-core-5.3.14.jar;D:\idea-\apache-maven-3.6.1\bin\repository\org\springframework\spring-jcl\5.3.14\spring-jcl-5.3.14.jar;D:\idea-\apache-maven-3.6.1\bin\repository\org\springframework\spring-test\5.3.14\spring-test-5.3.14.jar;D:\idea-\apache-maven-3.6.1\bin\repository\org\xmlunit\xmlunit-core\2.8.4\xmlunit-core-2.8.4.jar;D:\idea-\apache-maven-3.6.1\bin\repository\com\github\pagehelper\pagehelper-spring-boot-starter\1.4.1\pagehelper-spring-boot-starter-1.4.1.jar;D:\idea-\apache-maven-3.6.1\bin\repository\com\github\pagehelper\pagehelper-spring-boot-autoconfigure\1.4.1\pagehelper-spring-boot-autoconfigure-1.4.1.jar;D:\idea-\apache-maven-3.6.1\bin\repository\com\github\pagehelper\pagehelper\5.3.0\pagehelper-5.3.0.jar;D:\idea-\apache-maven-3.6.1\bin\repository\com\github\jsqlparser\jsqlparser\4.2\jsqlparser-4.2.jar;D:\idea-\apache-maven-3.6.1\bin\repository\org\springframework\boot\spring-boot-starter-redis\1.4.7.RELEASE\spring-boot-starter-redis-1.4.7.RELEASE.jar;D:\idea-\apache-maven-3.6.1\bin\repository\org\springframework\data\spring-data-redis\2.6.0\spring-data-redis-2.6.0.jar;D:\idea-\apache-maven-3.6.1\bin\repository\org\springframework\data\spring-data-keyvalue\2.6.0\spring-data-keyvalue-2.6.0.jar;D:\idea-\apache-maven-3.6.1\bin\repository\org\springframework\data\spring-data-commons\2.6.0\spring-data-commons-2.6.0.jar;D:\idea-\apache-maven-3.6.1\bin\repository\org\springframework\spring-tx\5.3.14\spring-tx-5.3.14.jar;D:\idea-\apache-maven-3.6.1\bin\repository\org\springframework\spring-oxm\5.3.14\spring-oxm-5.3.14.jar;D:\idea-\apache-maven-3.6.1\bin\repository\org\springframework\spring-context-support\5.3.14\spring-context-support-5.3.14.jar;D:\idea-\apache-maven-3.6.1\bin\repository\redis\clients\jedis\3.7.1\jedis-3.7.1.jar;D:\idea-\apache-maven-3.6.1\bin\repository\org\apache\commons\commons-pool2\2.11.1\commons-pool2-2.11.1.jar;D:\idea-\apache-maven-3.6.1\bin\repository\com\alibaba\fastjson\1.2.47\fastjson-1.2.47.jar;"/>
    <property name="sun.cpu.endian" value="little"/>
    <property name="user.home" value="C:\Users\Administrator"/>
    <property name="user.language" value="zh"/>
    <property name="java.specification.vendor" value="Oracle Corporation"/>
    <property name="idea.version2019.2.2" value="true"/>
    <property name="java.home" value="C:\Program Files\Java\jdk1.8.0_281\jre"/>
    <property name="basedir" value="C:\Users\Administrator\eclipse-workspace\blog"/>
    <property name="file.separator" value="\"/>
    <property name="line.separator" value="&#10;"/>
    <property name="java.vm.specification.vendor" value="Oracle Corporation"/>
    <property name="java.specification.name" value="Java Platform API Specification"/>
    <property name="java.awt.graphicsenv" value="sun.awt.Win32GraphicsEnvironment"/>
    <property name="surefire.real.class.path" value="C:\Users\ADMINI~1\AppData\Local\Temp\surefire7720733771380935260\surefirebooter543408431776636798.jar"/>
    <property name="sun.boot.class.path" value="C:\Program Files\Java\jdk1.8.0_281\jre\lib\resources.jar;C:\Program Files\Java\jdk1.8.0_281\jre\lib\rt.jar;C:\Program Files\Java\jdk1.8.0_281\jre\lib\sunrsasign.jar;C:\Program Files\Java\jdk1.8.0_281\jre\lib\jsse.jar;C:\Program Files\Java\jdk1.8.0_281\jre\lib\jce.jar;C:\Program Files\Java\jdk1.8.0_281\jre\lib\charsets.jar;C:\Program Files\Java\jdk1.8.0_281\jre\lib\jfr.jar;C:\Program Files\Java\jdk1.8.0_281\jre\classes"/>
    <property name="user.script" value=""/>
    <property name="sun.management.compiler" value="HotSpot 64-Bit Tiered Compilers"/>
    <property name="java.runtime.version" value="1.8.0_281-b09"/>
    <property name="user.name" value="Administrator"/>
    <property name="path.separator" value=";"/>
    <property name="os.version" value="6.1"/>
    <property name="java.endorsed.dirs" value="C:\Program Files\Java\jdk1.8.0_281\jre\lib\endorsed"/>
    <property name="java.runtime.name" value="Java(TM) SE Runtime Environment"/>
    <property name="file.encoding" value="GBK"/>
    <property name="java.vm.name" value="Java HotSpot(TM) 64-Bit Server VM"/>
    <property name="localRepository" value="D:\idea-\apache-maven-3.6.1\bin\repository"/>
    <property name="java.vendor.url.bug" value="http://bugreport.sun.com/bugreport/"/>
    <property name="java.io.tmpdir" value="C:\Users\ADMINI~1\AppData\Local\Temp\"/>
    <property name="java.version" value="1.8.0_281"/>
    <property name="user.dir" value="C:\Users\Administrator\eclipse-workspace\blog"/>
    <property name="os.arch" value="amd64"/>
    <property name="java.vm.specification.name" value="Java Virtual Machine Specification"/>
    <property name="java.awt.printerjob" value="sun.awt.windows.WPrinterJob"/>
    <property name="sun.os.patch.level" value="Service Pack 1"/>
    <property name="java.library.path" value="C:\Program Files\Java\jdk1.8.0_281\jre\bin;C:\Windows\Sun\Java\bin;C:\Windows\system32;C:\Windows;.;C:\Program Files\Java\jdk1.8.0_281\bin;C:\Program Files\Common Files\Oracle\Java\javapath;C:\Program Files (x86)\Common Files\Oracle\Java\jdk-1.8.0_281;javapath;C:\Windows\system32;C:\Windows;C:\Windows\System32\Wbem;C:\Windows\System32\WindowsPowerShell\v1.0\;C:\Program Files (x86)\NVIDIA Corporation\PhysX\Common;C:\Program Files\NVIDIA Corporation\NVIDIA NvDLISRC:\Program Files\Java\jdk1.8.0_281\bin;C:\Program Files\Java\jdk1.8.0_281\jre\bin;D:\idea-\Tomcat\apache-tomcat-8.0.50\bin\;D:\idea-\apache-maven-3.6.1\bin;C:\Program Files (x86)\Microsoft SQL Server\110\Tools\Binn\;C:\Program Files\Microsoft SQL Server\110\Tools\Binn\;C:\Program Files (x86)\Microsoft SQL Server\110\Tools\Binn\ManagementStudio\;C:\Program Files (x86)\Microsoft Visual Studio 10.0\Common7\IDE\PrivateAssemblies\;C:\Program Files (x86)\Microsoft SQL Server\110\DTS\Binn\;D:\sqlserver2012\110\DTS\Binn\;D:\sqlserver\110\Tools\Binn\;D:\sqlserver2012\110\Tools\Binn\;D:\Program Files (x86)\SQLSERVER2012\110\DTS\Binn\;D:\Program Files (x86)\SQLSERVER\110\Tools\Binn\;D:\Program Files (x86)\SQLSERVER2012\110\Tools\Binn\;D:\Program Files (x86)\SQLSERVER\110\Tools\Binn\ManagementStudio\;D:\Program Files (x86)\SQLSERVER\110\DTS\Binn\;C:\Program Files\NVIDIA Corporation\NVIDIA NvDLISR;C:\Users\Administrator\anaconda3;C:\Users\Administrator\anaconda3\Library\mingw-w64\bin;C:\Users\Administrator\anaconda3\Library\usr\bin;C:\Users\Administrator\anaconda3\Library\bin;C:\Users\Administrator\anaconda3\Scripts;D:\html-css学习\Microsoft VS Code\bin;."/>
    <property name="java.vm.info" value="mixed mode"/>
    <property name="java.vendor" value="Oracle Corporation"/>
    <property name="java.vm.version" value="25.281-b09"/>
    <property name="java.ext.dirs" value="C:\Program Files\Java\jdk1.8.0_281\jre\lib\ext;C:\Windows\Sun\Java\lib\ext"/>
    <property name="sun.io.unicode.encoding" value="UnicodeLittle"/>
    <property name="maven.repo.local" value="D:\idea-\apache-maven-3.6.1\bin\repository"/>
    <property name="java.class.version" value="52.0"/>
  </properties>
  <testcase name="contextLoads" classname="com.feidea.blog.BlogApplicationTests" time="0.361"/>
</testsuite>